# JRE version: Java(TM) SE Runtime Environment (21.0.4+8) (build 21.0.4+8-LTS-274)
# Java VM: Java HotSpot(TM) 64-Bit Server VM (21.0.4+8-LTS-274, mixed mode, sharing, tiered, compressed oops, compressed class ptrs, g1 gc, windows-amd64)
GC Precious Log:
 CardTable entry size: 512
 Card Set container configuration: InlinePtr #cards 4 size 8 Array Of Cards #cards 32 size 80 Howl #buckets 8 coarsen threshold 7372 Howl Bitmap #cards 1024 size 144 coarsen threshold 921 Card regions per heap region 1 cards per card region 8192
 CPUs: 16 total, 16 available
 Memory: 31893M
 Large Page Support: Disabled
 NUMA Support: Disabled
 Compressed Oops: Enabled (Zero based)
 Heap Region Size: 4M
 Heap Min Capacity: 8M
 Heap Initial Capacity: 500M
 Heap Max Capacity: 7976M
 Pre-touch: Disabled
 Parallel Workers: 13
 Concurrent Workers: 3
 Concurrent Refinement Workers: 13
 Periodic GC: Disabled
Heap:
 garbage-first heap   total 1114112K, used 768305K [0x000000060d800000, 0x0000000800000000)
  region size 4096K, 49 young (200704K), 2 survivors (8192K)
 Metaspace       used 162843K, committed 164800K, reserved 1245184K
  class space    used 24808K, committed 25664K, reserved 1048576K
GC Heap History (20 events):
Event: 15.760 GC heap before
{Heap before GC invocations=40 (full 0):
 garbage-first heap   total 778240K, used 678878K [0x000000060d800000, 0x0000000800000000)
  region size 4096K, 88 young (360448K), 13 survivors (53248K)
 Metaspace       used 131057K, committed 132672K, reserved 1179648K
  class space    used 20561K, committed 21312K, reserved 1048576K
}
Event: 15.768 GC heap after
{Heap after GC invocations=41 (full 0):
 garbage-first heap   total 778240K, used 392837K [0x000000060d800000, 0x0000000800000000)
  region size 4096K, 4 young (16384K), 4 survivors (16384K)
 Metaspace       used 131057K, committed 132672K, reserved 1179648K
  class space    used 20561K, committed 21312K, reserved 1048576K
}
Event: 15.969 GC heap before
{Heap before GC invocations=41 (full 0):
 garbage-first heap   total 778240K, used 695941K [0x000000060d800000, 0x0000000800000000)
  region size 4096K, 79 young (323584K), 4 survivors (16384K)
 Metaspace       used 132536K, committed 134144K, reserved 1179648K
  class space    used 20838K, committed 21568K, reserved 1048576K
}
Event: 15.972 GC heap after
{Heap after GC invocations=42 (full 0):
 garbage-first heap   total 778240K, used 393800K [0x000000060d800000, 0x0000000800000000)
  region size 4096K, 4 young (16384K), 4 survivors (16384K)
 Metaspace       used 132536K, committed 134144K, reserved 1179648K
  class space    used 20838K, committed 21568K, reserved 1048576K
}
Event: 16.593 GC heap before
{Heap before GC invocations=42 (full 0):
 garbage-first heap   total 778240K, used 705096K [0x000000060d800000, 0x0000000800000000)
  region size 4096K, 80 young (327680K), 4 survivors (16384K)
 Metaspace       used 137041K, committed 138688K, reserved 1179648K
  class space    used 21417K, committed 22144K, reserved 1048576K
}
Event: 16.598 GC heap after
{Heap after GC invocations=43 (full 0):
 garbage-first heap   total 778240K, used 405014K [0x000000060d800000, 0x0000000800000000)
  region size 4096K, 6 young (24576K), 6 survivors (24576K)
 Metaspace       used 137041K, committed 138688K, reserved 1179648K
  class space    used 21417K, committed 22144K, reserved 1048576K
}
Event: 17.737 GC heap before
{Heap before GC invocations=44 (full 0):
 garbage-first heap   total 778240K, used 720406K [0x000000060d800000, 0x0000000800000000)
  region size 4096K, 80 young (327680K), 6 survivors (24576K)
 Metaspace       used 148366K, committed 150208K, reserved 1179648K
  class space    used 23108K, committed 23936K, reserved 1048576K
}
Event: 17.743 GC heap after
{Heap after GC invocations=45 (full 0):
 garbage-first heap   total 778240K, used 436734K [0x000000060d800000, 0x0000000800000000)
  region size 4096K, 8 young (32768K), 8 survivors (32768K)
 Metaspace       used 148366K, committed 150208K, reserved 1179648K
  class space    used 23108K, committed 23936K, reserved 1048576K
}
Event: 18.161 GC heap before
{Heap before GC invocations=45 (full 0):
 garbage-first heap   total 778240K, used 698878K [0x000000060d800000, 0x0000000800000000)
  region size 4096K, 73 young (299008K), 8 survivors (32768K)
 Metaspace       used 152956K, committed 154816K, reserved 1245184K
  class space    used 23708K, committed 24576K, reserved 1048576K
}
Event: 18.170 GC heap after
{Heap after GC invocations=46 (full 0):
 garbage-first heap   total 778240K, used 457048K [0x000000060d800000, 0x0000000800000000)
  region size 4096K, 10 young (40960K), 10 survivors (40960K)
 Metaspace       used 152956K, committed 154816K, reserved 1245184K
  class space    used 23708K, committed 24576K, reserved 1048576K
}
Event: 18.376 GC heap before
{Heap before GC invocations=46 (full 0):
 garbage-first heap   total 778240K, used 690520K [0x000000060d800000, 0x0000000800000000)
  region size 4096K, 68 young (278528K), 10 survivors (40960K)
 Metaspace       used 154559K, committed 156416K, reserved 1245184K
  class space    used 23883K, committed 24768K, reserved 1048576K
}
Event: 18.383 GC heap after
{Heap after GC invocations=47 (full 0):
 garbage-first heap   total 933888K, used 481469K [0x000000060d800000, 0x0000000800000000)
  region size 4096K, 6 young (24576K), 6 survivors (24576K)
 Metaspace       used 154559K, committed 156416K, reserved 1245184K
  class space    used 23883K, committed 24768K, reserved 1048576K
}
Event: 18.700 GC heap before
{Heap before GC invocations=48 (full 0):
 garbage-first heap   total 1024000K, used 837821K [0x000000060d800000, 0x0000000800000000)
  region size 4096K, 94 young (385024K), 6 survivors (24576K)
 Metaspace       used 156056K, committed 157952K, reserved 1245184K
  class space    used 24072K, committed 24960K, reserved 1048576K
}
Event: 18.706 GC heap after
{Heap after GC invocations=49 (full 0):
 garbage-first heap   total 1024000K, used 512152K [0x000000060d800000, 0x0000000800000000)
  region size 4096K, 12 young (49152K), 12 survivors (49152K)
 Metaspace       used 156056K, committed 157952K, reserved 1245184K
  class space    used 24072K, committed 24960K, reserved 1048576K
}
Event: 19.011 GC heap before
{Heap before GC invocations=49 (full 0):
 garbage-first heap   total 1024000K, used 913560K [0x000000060d800000, 0x0000000800000000)
  region size 4096K, 111 young (454656K), 12 survivors (49152K)
 Metaspace       used 158026K, committed 159872K, reserved 1245184K
  class space    used 24371K, committed 25216K, reserved 1048576K
}
Event: 19.020 GC heap after
{Heap after GC invocations=50 (full 0):
 garbage-first heap   total 1024000K, used 541305K [0x000000060d800000, 0x0000000800000000)
  region size 4096K, 14 young (57344K), 14 survivors (57344K)
 Metaspace       used 158026K, committed 159872K, reserved 1245184K
  class space    used 24371K, committed 25216K, reserved 1048576K
}
Event: 19.434 GC heap before
{Heap before GC invocations=50 (full 0):
 garbage-first heap   total 1024000K, used 905849K [0x000000060d800000, 0x0000000800000000)
  region size 4096K, 104 young (425984K), 14 survivors (57344K)
 Metaspace       used 160866K, committed 162752K, reserved 1245184K
  class space    used 24691K, committed 25536K, reserved 1048576K
}
Event: 19.442 GC heap after
{Heap after GC invocations=51 (full 0):
 garbage-first heap   total 1024000K, used 574581K [0x000000060d800000, 0x0000000800000000)
  region size 4096K, 9 young (36864K), 9 survivors (36864K)
 Metaspace       used 160866K, committed 162752K, reserved 1245184K
  class space    used 24691K, committed 25536K, reserved 1048576K
}
Event: 20.180 GC heap before
{Heap before GC invocations=52 (full 0):
 garbage-first heap   total 1114112K, used 922741K [0x000000060d800000, 0x0000000800000000)
  region size 4096K, 94 young (385024K), 9 survivors (36864K)
 Metaspace       used 162237K, committed 164224K, reserved 1245184K
  class space    used 24786K, committed 25664K, reserved 1048576K
}
Event: 20.184 GC heap after
{Heap after GC invocations=53 (full 0):
 garbage-first heap   total 1114112K, used 579889K [0x000000060d800000, 0x0000000800000000)
  region size 4096K, 2 young (8192K), 2 survivors (8192K)
 Metaspace       used 162237K, committed 164224K, reserved 1245184K
  class space    used 24786K, committed 25664K, reserved 1048576K
}

